ika 0.63 startup
Built on Jan  3 2010
--------------------------
Initializing SDL
Initializing Video
Starting OpenGL video driver
--Setting video mode
--Initializing OpenGL
--Disabling cursor
--Generating doublesize buffer
Initializing Input
Initializing sound
Initing Python
Executing system.py
Loading map "amap.ika-map"
Warning: Version of amap.ika-map is 1.1.  Expected 1.2.  You should
         load and resave the map in the editor to update it.
Map.numtiles is deprecated: use Tileset.tilecount instead
Warning: v1.1 sprite being loaded.
         It should work, but you should load and resave 
         sprites/tabitha_pistol.ika-sprite in iked to update it to 1.2!

* ika.Video.Blit is deprecated. Use ika.Image.Blit instead.
* ika.Video.TintBlit is deprecated. Use ika.Image.TintBlit instead.
 testing: 
dockingbay.ika-map
None
Loading map "maps/dockingbay.ika-map"
Warning: Version of maps/dockingbay.ika-map is 1.1.  Expected 1.2.  You should
         load and resave the map in the editor to update it.
ika.Map.Render is deprecated and will be gone soon!  Use ika.Render() instead.
* ika.Video.DistortBlit is deprecated. Use ika.Image.DistortBlit instead.
.\engine\rotateblit.py:27: DeprecationWarning: integer argument expected, got float
  ika.Video.DistortBlit(image, *p + [blendmode])
.\engine\ship.py:73: DeprecationWarning: integer argument expected, got float
  self.interior.Blit(self.x - ika.Map.xwin, self.y - ika.Map.ywin)
.\engine\ship.py:74: DeprecationWarning: integer argument expected, got float
  self.chair.Blit(self.x - ika.Map.xwin, self.y - ika.Map.ywin)
.\engine\ship.py:76: DeprecationWarning: integer argument expected, got float
  self.y - ika.Map.ywin + 88)
.\engine\ship.py:78: DeprecationWarning: integer argument expected, got float
  self.y - ika.Map.ywin + 88)
.\engine\ship.py:79: DeprecationWarning: integer argument expected, got float
  self.ship.Blit(self.x - ika.Map.xwin, self.y - ika.Map.ywin)
.\engine\ship.py:81: DeprecationWarning: integer argument expected, got float
  self.y - ika.Map.ywin + self.geary)
Map.tileheight is deprecated: use Tileset.tilecount instead
Map.tileheight is deprecated: use Tileset.tilecount instead
Warning: v1.1 sprite being loaded.
         It should work, but you should load and resave 
         sprites/door_right.ika-sprite in iked to update it to 1.2!

Warning: v1.1 sprite being loaded.
         It should work, but you should load and resave 
         sprites/door_left.ika-sprite in iked to update it to 1.2!

Warning: v1.1 sprite being loaded.
         It should work, but you should load and resave 
         sprites/zombie.ika-sprite in iked to update it to 1.2!

Warning: v1.1 sprite being loaded.
         It should work, but you should load and resave 
         sprites/dockwindow.ika-sprite in iked to update it to 1.2!

Warning: v1.1 sprite being loaded.
         It should work, but you should load and resave 
         sprites/turret.ika-sprite in iked to update it to 1.2!

* ika.Log will not be present in ika 0.61
* Use the print statement instead
{'color': 'Blue', 'mapx': '13', 'mapy': '5', 'meta': '', 'name': 'Docking Bay'}
{'color': 'Blue', 'mapx': '13', 'mapy': '5', 'meta': '', 'name': 'Docking Bay'}
Warning: v1.1 sprite being loaded.
         It should work, but you should load and resave 
         sprites/bullet.ika-sprite in iked to update it to 1.2!

Warning: v1.1 sprite being loaded.
         It should work, but you should load and resave 
         sprites/boom.ika-sprite in iked to update it to 1.2!

Warning: v1.1 sprite being loaded.
         It should work, but you should load and resave 
         sprites/blank.ika-sprite in iked to update it to 1.2!

Warning: v1.1 sprite being loaded.
         It should work, but you should load and resave 
         sprites/boom2.ika-sprite in iked to update it to 1.2!

Loading map "maps/airlock1.ika-map"
Warning: Version of maps/airlock1.ika-map is 1.1.  Expected 1.2.  You should
         load and resave the map in the editor to update it.
{'color': 'Blue', 'mapx': '12', 'mapy': '6', 'meta': '', 'name': 'Airlock'}
Loading map "maps/cargobay1.ika-map"
Warning: Version of maps/cargobay1.ika-map is 1.1.  Expected 1.2.  You should
         load and resave the map in the editor to update it.
{'color': 'Blue', 'mapx': '8', 'mapy': '5', 'meta': '', 'name': 'Cargo Bay'}
Loading map "maps/cargobay2.ika-map"
Warning: Version of maps/cargobay2.ika-map is 1.1.  Expected 1.2.  You should
         load and resave the map in the editor to update it.
{'color': 'Blue', 'mapx': '4', 'mapy': '5', 'meta': '', 'name': 'Cargo Bay'}
Warning: v1.1 sprite being loaded.
         It should work, but you should load and resave 
         sprites/bullet.ika-sprite in iked to update it to 1.2!

Warning: v1.1 sprite being loaded.
         It should work, but you should load and resave 
         sprites/boom.ika-sprite in iked to update it to 1.2!

Warning: v1.1 sprite being loaded.
         It should work, but you should load and resave 
         sprites/blockbreak.ika-sprite in iked to update it to 1.2!

Loading map "maps/secretduct1.ika-map"
Warning: Version of maps/secretduct1.ika-map is 1.1.  Expected 1.2.  You should
         load and resave the map in the editor to update it.
{'color': 'Green', 'mapx': '6', 'mapy': '7', 'meta': '', 'name': 'Cargo Storage'}
Loading map "maps/cargobay2.ika-map"
Warning: Version of maps/cargobay2.ika-map is 1.1.  Expected 1.2.  You should
         load and resave the map in the editor to update it.
{'color': 'Blue', 'mapx': '4', 'mapy': '5', 'meta': '', 'name': 'Cargo Bay'}
Loading map "maps/saveroom1.ika-map"
Warning: Version of maps/saveroom1.ika-map is 1.1.  Expected 1.2.  You should
         load and resave the map in the editor to update it.
{'color': 'Red', 'mapx': '3', 'mapy': '6', 'meta': '', 'name': 'Save Room'}
---- shutdown ----
